<?xml version="1.0" encoding="UTF-8"?>
<testsuite xmlns:xsi="http://www.w3.org/2001/XMLSchema-instance" xsi:noNamespaceSchemaLocation="https://maven.apache.org/surefire/maven-surefire-plugin/xsd/surefire-test-report-3.0.xsd" version="3.0" name="com.upb.agripos.ProductDAOTest" time="1.416" tests="7" errors="0" skipped="0" failures="0">
  <properties>
[...]
</properties>
  <testcase name="testInsert" classname="com.upb.agripos.ProductDAOTest" time="0.194">
    <system-out><![CDATA[Setting up database connection...
✓ Database connection established

--- Test Insert ---
✓ Product inserted: TEST01
✓ Insert test passed
]]></system-out>
  </testcase>
  <testcase name="testFindByCode" classname="com.upb.agripos.ProductDAOTest" time="0.039">
    <system-out><![CDATA[
--- Test Find By Code ---
✓ Find by code test passed
]]></system-out>
  </testcase>
  <testcase name="testFindAll" classname="com.upb.agripos.ProductDAOTest" time="0.037">
    <system-out><![CDATA[
--- Test Find All ---
✓ Find all test passed - Found 1 products
]]></system-out>
  </testcase>
  <testcase name="testUpdate" classname="com.upb.agripos.ProductDAOTest" time="0.043">
    <system-out><![CDATA[
--- Test Update ---
✓ Product updated: TEST01
✓ Update test passed
]]></system-out>
  </testcase>
  <testcase name="testDelete" classname="com.upb.agripos.ProductDAOTest" time="0.037">
    <system-out><![CDATA[
--- Test Delete ---
✓ Product deleted: TEST01
✓ Delete test passed
]]></system-out>
  </testcase>
  <testcase name="testFindNonExistent" classname="com.upb.agripos.ProductDAOTest" time="0.015">
    <system-out><![CDATA[
--- Test Find Non-Existent ---
✓ Find non-existent test passed
]]></system-out>
  </testcase>
  <testcase name="testMultipleInserts" classname="com.upb.agripos.ProductDAOTest" time="0.059">
    <system-out><![CDATA[
--- Test Multiple Inserts ---
✓ Product inserted: BATCH01
✓ Product inserted: BATCH02
✓ Product inserted: BATCH03
✓ Product deleted: BATCH01
✓ Product deleted: BATCH02
✓ Product deleted: BATCH03
✓ Multiple inserts test passed
]]></system-out>
  </testcase>
</testsuite>